<?xml version="1.0" encoding="UTF-8"?>
<!-- Generated by org.testng.reporters.JUnitReportReporter -->
<testsuite skipped="0" hostname="LAPTOP-7HUNRUID" name="com.learn.letskodeit.testsuite.HomePageTest" tests="3" failures="0" timestamp="2020-04-19T13:57:09 BST" time="52.170" errors="0">
  <testcase name="verifyThatPracticeLinkIsDisplayed" time="17.293" classname="com.learn.letskodeit.testsuite.HomePageTest"/>
  <system-out>
Displaying Practice Link [[ChromeDriver: chrome on WINDOWS (222626da80d2b45824697c051dea01b7)] -> partial link text: Practi]<br>  </system-out>
  <testcase name="verifyThatLoginLinkIsDisplayed" time="16.250" classname="com.learn.letskodeit.testsuite.HomePageTest"/>
  <system-out>
Displaying Login link : [[ChromeDriver: chrome on WINDOWS (659e50750636e92de4a23ae704e2587a)] -> partial link text: Login]<br>  </system-out>
  <testcase name="verifyThatSignUpLinkIsDisplayed" time="18.627" classname="com.learn.letskodeit.testsuite.HomePageTest"/>
  <system-out>
Displaying Sign Up Link : [[ChromeDriver: chrome on WINDOWS (b5e493cd5c70dfe1e8cc3eb7221e0d25)] -> xpath: //a[@id='header-sign-up-btn']]<br>  </system-out>
</testsuite> <!-- com.learn.letskodeit.testsuite.HomePageTest -->
